#
# There is insufficient memory for the Java Runtime Environment to continue.
# Native memory allocation (mmap) failed to map 132120576 bytes. Error detail: G1 virtual space
# Possible reasons:
#   The system is out of physical RAM or swap space
#   This process is running with CompressedOops enabled, and the Java Heap may be blocking the growth of the native heap
# Possible solutions:
#   Reduce memory load on the system
#   Increase physical memory or swap space
#   Check if swap backing store is full
#   Decrease Java heap size (-Xmx/-Xms)
#   Decrease number of Java threads
#   Decrease Java thread stack sizes (-Xss)
#   Set larger code cache with -XX:ReservedCodeCacheSize=
#   JVM is running with Unscaled Compressed Oops mode in which the Java heap is
#     placed in the first 4GB address space. The Java Heap base address is the
#     maximum limit for the native heap growth. Please use -XX:HeapBaseMinAddress
#     to set the Java Heap base and to place the Java Heap above 4GB virtual address.
# This output file may be truncated or incomplete.
#
#  Out of Memory Error (os_windows.cpp:3925), pid=17220, tid=10516
#
# JRE version:  (21.0.9+1) (build )
# Java VM: OpenJDK 64-Bit Server VM (21.0.9+1-b1163.86, mixed mode, sharing, tiered, compressed oops, compressed class ptrs, g1 gc, windows-amd64)
# No core dump will be written. Minidumps are not enabled by default on client versions of Windows
#

---------------  S U M M A R Y ------------

Command Line: git4idea.http.GitAskPassApp Username for 'https://github.com': 

Host: Intel(R) Core(TM) i3-10110U CPU @ 2.10GHz, 4 cores, 7G,  Windows 11 , 64 bit Build 26100 (10.0.26100.7309)
Time: Sun Dec 28 20:05:07 2025 W. Europe Standard Time elapsed time: 0.130017 seconds (0d 0h 0m 0s)

---------------  T H R E A D  ---------------

Current thread (0x0000015006485820):  JavaThread "Unknown thread" [_thread_in_vm, id=10516, stack(0x0000002dddf00000,0x0000002dde000000) (1024K)]

Stack: [0x0000002dddf00000,0x0000002dde000000]
Native frames: (J=compiled Java code, j=interpreted, Vv=VM code, C=native code)
V  [jvm.dll+0x6ec339]
V  [jvm.dll+0x8cc463]
V  [jvm.dll+0x8cea7e]
V  [jvm.dll+0x8cf163]
V  [jvm.dll+0x28b006]
V  [jvm.dll+0x6e8b15]
V  [jvm.dll+0x6dc1aa]
V  [jvm.dll+0x366a7b]
V  [jvm.dll+0x36e666]
V  [jvm.dll+0x3c0bd6]
V  [jvm.dll+0x3c0ea8]
V  [jvm.dll+0x33922c]
V  [jvm.dll+0x339f1b]
V  [jvm.dll+0x893b29]
V  [jvm.dll+0x3cdda8]
V  [jvm.dll+0x87ca68]
V  [jvm.dll+0x462a4e]
V  [jvm.dll+0x464731]
C  [jli.dll+0x52ab]
C  [ucrtbase.dll+0x37b0]
C  [KERNEL32.DLL+0x2e8d7]
C  [ntdll.dll+0x8c53c]


---------------  P R O C E S S  ---------------

Threads class SMR info:
_java_thread_list=0x00007ff84b1b52c8, length=0, elements={
}

Java Threads: ( => current thread )
Total: 0

Other Threads:
  0x00000150064d3590 WorkerThread "GC Thread#0"                     [id=12672, stack(0x0000002dde000000,0x0000002dde100000) (1024K)]
  0x00000150064e4030 ConcurrentGCThread "G1 Main Marker"            [id=10800, stack(0x0000002dde100000,0x0000002dde200000) (1024K)]
  0x00000150064e59b0 WorkerThread "G1 Conc#0"                       [id=17612, stack(0x0000002dde200000,0x0000002dde300000) (1024K)]

[error occurred during error reporting (printing all threads), id 0xc0000005, EXCEPTION_ACCESS_VIOLATION (0xc0000005) at pc=0x00007ff84a89c287]
VM state: not at safepoint (not fully initialized)

VM Mutex/Monitor currently owned by a thread:  ([mutex/lock_event])
[0x00007ff84b229e30] Heap_lock - owner thread: 0x0000015006485820

Heap address: 0x0000000082a00000, size: 2006 MB, Compressed Oops mode: 32-bit

CDS archive(s) mapped at: [0x0000000000000000-0x0000000000000000-0x0000000000000000), size 0, SharedBaseAddress: 0x0000000800000000, ArchiveRelocationMode: 1.
Narrow klass base: 0x0000000000000000, Narrow klass shift: 0, Narrow klass range: 0x0

GC Precious Log:
 CardTable entry size: 512
 Card Set container configuration: InlinePtr #cards 5 size 8 Array Of Cards #cards 12 size 40 Howl #buckets 4 coarsen threshold 1843 Howl Bitmap #cards 512 size 80 coarsen threshold 460 Card regions per heap region 1 cards per card region 2048

Heap:
 garbage-first heap   total 0K, used 0K [0x0000000082a00000, 0x0000000100000000)
  region size 1024K, 0 young (0K), 0 survivors (0K)
 Metaspace       used 0K, committed 0K, reserved 0K
  class space    used 0K, committed 0K, reserved 0K

Heap Regions: E=young(eden), S=young(survivor), O=old, HS=humongous(starts), HC=humongous(continues), CS=collection set, F=free, TAMS=top-at-mark-start, PB=parsable bottom

Card table byte_map: [0x00000150198c0000,0x0000015019cb0000] _byte_map_base: 0x00000150194ab000

Marking Bits: (CMBitMap*) 0x00000150064d3c90
 Bits: [0x0000015019cb0000, 0x000001501bc08000)

GC Heap History (0 events):
No events

Dll operation events (1 events):
Event: 0.011 Loaded shared library C:\Program Files\JetBrains\PyCharm 2025.3.1\jbr\bin\java.dll

Deoptimization events (0 events):
No events

Classes loaded (0 events):
No events

Classes unloaded (0 events):
No events

Classes redefined (0 events):
No events

Internal exceptions (0 events):
No events

ZGC Phase Switch (0 events):
No events

VM Operations (0 events):
No events

Memory protections (0 events):
No events

Nmethod flushes (0 events):
No events

Events (0 events):
No events


Dynamic libraries:
0x00007ff7bfee0000 - 0x00007ff7bfeea000 	C:\Program Files\JetBrains\PyCharm 2025.3.1\jbr\bin\java.exe
0x00007ff8e5ee0000 - 0x00007ff8e6147000 	C:\WINDOWS\SYSTEM32\ntdll.dll
0x00007ff8e4e10000 - 0x00007ff8e4ed9000 	C:\WINDOWS\System32\KERNEL32.DLL
0x00007ff8e3570000 - 0x00007ff8e395f000 	C:\WINDOWS\System32\KERNELBASE.dll
0x00007ff8e3030000 - 0x00007ff8e317b000 	C:\WINDOWS\System32\ucrtbase.dll
0x00007ff8dab00000 - 0x00007ff8dab1b000 	C:\Program Files\JetBrains\PyCharm 2025.3.1\jbr\bin\VCRUNTIME140.dll
0x00007ff8c7340000 - 0x00007ff8c7358000 	C:\Program Files\JetBrains\PyCharm 2025.3.1\jbr\bin\jli.dll
0x00007ff8e3df0000 - 0x00007ff8e3fb5000 	C:\WINDOWS\System32\USER32.dll
0x00007ff8e3970000 - 0x00007ff8e3997000 	C:\WINDOWS\System32\win32u.dll
0x00007ff8cd590000 - 0x00007ff8cd823000 	C:\WINDOWS\WinSxS\amd64_microsoft.windows.common-controls_6595b64144ccf1df_6.0.26100.7309_none_3e05feeae336a044\COMCTL32.dll
0x00007ff8e5160000 - 0x00007ff8e518b000 	C:\WINDOWS\System32\GDI32.dll
0x00007ff8e4bb0000 - 0x00007ff8e4c59000 	C:\WINDOWS\System32\msvcrt.dll
0x00007ff8e3180000 - 0x00007ff8e32ac000 	C:\WINDOWS\System32\gdi32full.dll
0x00007ff8e39a0000 - 0x00007ff8e3a43000 	C:\WINDOWS\System32\msvcp_win.dll
0x00007ff8e4ee0000 - 0x00007ff8e4f11000 	C:\WINDOWS\System32\IMM32.DLL
0x00007ff8dabe0000 - 0x00007ff8dabec000 	C:\Program Files\JetBrains\PyCharm 2025.3.1\jbr\bin\vcruntime140_1.dll
0x00007ff8a2310000 - 0x00007ff8a239d000 	C:\Program Files\JetBrains\PyCharm 2025.3.1\jbr\bin\msvcp140.dll
0x00007ff84a550000 - 0x00007ff84b31d000 	C:\Program Files\JetBrains\PyCharm 2025.3.1\jbr\bin\server\jvm.dll
0x00007ff8e4ff0000 - 0x00007ff8e50a4000 	C:\WINDOWS\System32\ADVAPI32.dll
0x00007ff8e4d60000 - 0x00007ff8e4e06000 	C:\WINDOWS\System32\sechost.dll
0x00007ff8e59f0000 - 0x00007ff8e5b08000 	C:\WINDOWS\System32\RPCRT4.dll
0x00007ff8e5190000 - 0x00007ff8e5204000 	C:\WINDOWS\System32\WS2_32.dll
0x00007ff8cd550000 - 0x00007ff8cd585000 	C:\WINDOWS\SYSTEM32\WINMM.dll
0x00007ff8d1190000 - 0x00007ff8d119b000 	C:\WINDOWS\SYSTEM32\VERSION.dll
0x00007ff8e2e90000 - 0x00007ff8e2eee000 	C:\WINDOWS\SYSTEM32\POWRPROF.dll
0x00007ff8e2e70000 - 0x00007ff8e2e84000 	C:\WINDOWS\SYSTEM32\UMPDC.dll
0x00007ff8e1dc0000 - 0x00007ff8e1ddb000 	C:\WINDOWS\SYSTEM32\kernel.appcore.dll
0x00007ff8bcb50000 - 0x00007ff8bcb5a000 	C:\Program Files\JetBrains\PyCharm 2025.3.1\jbr\bin\jimage.dll
0x00007ff8dd6c0000 - 0x00007ff8dd902000 	C:\WINDOWS\SYSTEM32\DBGHELP.DLL
0x00007ff8e5b10000 - 0x00007ff8e5e95000 	C:\WINDOWS\System32\combase.dll
0x00007ff8e3d10000 - 0x00007ff8e3de6000 	C:\WINDOWS\System32\OLEAUT32.dll
0x00007ff8c5690000 - 0x00007ff8c56cc000 	C:\WINDOWS\SYSTEM32\dbgcore.DLL
0x00007ff8e3bd0000 - 0x00007ff8e3c75000 	C:\WINDOWS\System32\bcryptPrimitives.dll
0x00007ff8bad60000 - 0x00007ff8bad80000 	C:\Program Files\JetBrains\PyCharm 2025.3.1\jbr\bin\java.dll

JVMTI agents: none

dbghelp: loaded successfully - version: 4.0.5 - missing functions: none
symbol engine: initialized successfully - sym options: 0x614 - pdb path: .;C:\Program Files\JetBrains\PyCharm 2025.3.1\jbr\bin;C:\WINDOWS\SYSTEM32;C:\WINDOWS\WinSxS\amd64_microsoft.windows.common-controls_6595b64144ccf1df_6.0.26100.7309_none_3e05feeae336a044;C:\Program Files\JetBrains\PyCharm 2025.3.1\jbr\bin\server

VM Arguments:
java_command: git4idea.http.GitAskPassApp Username for 'https://github.com': 
java_class_path (initial): C:/Program Files/JetBrains/PyCharm 2025.3.1/plugins/vcs-git/lib/git4idea-rt.jar;C:/Program Files/JetBrains/PyCharm 2025.3.1/lib/externalProcess-rt.jar
Launcher Type: SUN_STANDARD

[Global flags]
     intx CICompilerCount                          = 3                                         {product} {ergonomic}
     uint ConcGCThreads                            = 1                                         {product} {ergonomic}
     uint G1ConcRefinementThreads                  = 4                                         {product} {ergonomic}
   size_t G1HeapRegionSize                         = 1048576                                   {product} {ergonomic}
    uintx GCDrainStackTargetSize                   = 64                                        {product} {ergonomic}
   size_t InitialHeapSize                          = 132120576                                 {product} {ergonomic}
   size_t MarkStackSize                            = 4194304                                   {product} {ergonomic}
   size_t MaxHeapSize                              = 2103443456                                {product} {ergonomic}
   size_t MinHeapDeltaBytes                        = 1048576                                   {product} {ergonomic}
   size_t MinHeapSize                              = 8388608                                   {product} {ergonomic}
    uintx NonNMethodCodeHeapSize                   = 5832780                                {pd product} {ergonomic}
    uintx NonProfiledCodeHeapSize                  = 122912730                              {pd product} {ergonomic}
    uintx ProfiledCodeHeapSize                     = 122912730                              {pd product} {ergonomic}
    uintx ReservedCodeCacheSize                    = 251658240                              {pd product} {ergonomic}
     bool SegmentedCodeCache                       = true                                      {product} {ergonomic}
   size_t SoftMaxHeapSize                          = 2103443456                             {manageable} {ergonomic}
     bool UseCompressedOops                        = true                           {product lp64_product} {ergonomic}
     bool UseG1GC                                  = true                                      {product} {ergonomic}
     bool UseLargePagesIndividualAllocation        = false                                  {pd product} {ergonomic}

Logging:
Log output configuration:
 #0: stdout all=warning uptime,level,tags foldmultilines=false
 #1: stderr all=off uptime,level,tags foldmultilines=false

Release file:
<release file has not been read>
Environment Variables:
JAVA_HOME=C:\Program Files\Eclipse Adoptium\jdk-21.0.8.9-hotspot
PATH=C:/Program Files/Git/mingw64/libexec/git-core;C:/Program Files/Git/mingw64/libexec/git-core;C:\Program Files\Git\mingw64\bin;C:\Program Files\Git\usr\bin;C:\Users\hsalo\bin;C:\Users\hsalo\source\repos\Python\313\MicroPlayer\.venv\Scripts;C:\Program Files\Eclipse Adoptium\jdk-21.0.8.9-hotspot\bin;C:\Program Files (x86)\Common Files\Oracle\Java\java8path;C:\Program Files (x86)\Common Files\Oracle\Java\javapath;C:\WINDOWS\system32;C:\WINDOWS;C:\WINDOWS\System32\Wbem;C:\WINDOWS\System32\WindowsPowerShell\v1.0\;C:\WINDOWS\System32\OpenSSH\;C:\Program Files\dotnet\;c:\Program Files\Page;C:\WINDOWS\system32;C:\WINDOWS;C:\WINDOWS\System32\Wbem;C:\WINDOWS\System32\WindowsPowerShell\v1.0\;C:\WINDOWS\System32\OpenSSH\;C:\Program Files\gs\gs10.01.2\bin;C:\Program Files\Calibre2\;.\.venv\Scripts\;C:\Program Files (x86)\PowerShell\7\;C:\Program Files\Git\cmd;C:\Program Files\PowerShell\7\;.\.venv\Scripts;C:\Users\hsalo\AppData\Local\Microsoft\WindowsApps;C:\Program Files\JetBrains\PyCharm Community Edition 2023.2\bin;C:\Program Files\ffmpeg\bin;C:\Users\hsalo\.dotnet\tools;C:\bin;C:\Users\hsalo\AppData\Local\GitHubDesktop\bin;C:\jython2.7.3\bin;C:\Users\hsalo\AppData\Local\Muse Hub\lib;C:\Users\hsalo\.dotnet\tools;C:\Users\hsalo\AppData\Local\Microsoft\WinGet\Packages\LibreHardwareMonitor.LibreHardwareMonitor_Microsoft.Winget.Source_8wekyb3d8bbwe;C:\Program Files\JetBrains\PyCharm 2025.3.1\bin
USERNAME=hsalo
DISPLAY=:0.0
LC_ALL=en_US.UTF-8
TERM=xterm-256color
TMPDIR=C:\TEMP
OS=Windows_NT
PROCESSOR_IDENTIFIER=Intel64 Family 6 Model 142 Stepping 12, GenuineIntel
TMP=C:\TEMP
TEMP=C:\TEMP




Periodic native trim disabled

JNI global refs:
JNI global refs: 0, weak refs: 0

JNI global refs memory usage: 0, weak refs: 0

Process memory usage:
Resident Set Size: 12924K (0% of 8215604K total physical memory with 939060K free physical memory)

OOME stack traces (most recent first):
Classloader memory used:

---------------  S Y S T E M  ---------------

OS:
 Windows 11 , 64 bit Build 26100 (10.0.26100.7309)
OS uptime: 0 days 6:29 hours
Hyper-V role detected

CPU: total 4 (initial active 4) (2 cores per cpu, 2 threads per core) family 6 model 142 stepping 12 microcode 0xde, cx8, cmov, fxsr, ht, mmx, 3dnowpref, sse, sse2, sse3, ssse3, sse4.1, sse4.2, popcnt, lzcnt, tsc, tscinvbit, avx, avx2, aes, erms, clmul, bmi1, bmi2, adx, fma, vzeroupper, clflush, clflushopt, hv, rdtscp, f16c
Processor Information for the first 4 processors :
  Max Mhz: 2592, Current Mhz: 2093, Mhz Limit: 2073

Memory: 4k page, system-wide physical 8023M (917M free)
TotalPageFile size 13215M (AvailPageFile size 71M)
current process WorkingSet (physical memory assigned to process): 12M, peak: 12M
current process commit charge ("private bytes"): 52M, peak: 178M

vm_info: OpenJDK 64-Bit Server VM (21.0.9+1-b1163.86) for windows-amd64 JRE (21.0.9+1-b1163.86), built on 2025-12-02 by "builduser" with MS VC++ 16.10 / 16.11 (VS2019)

END.
